\BOOKMARK [1][-]{section.1}{Problem 1: K\046K 9.2}{}% 1
\BOOKMARK [2][-]{subsection.1.1}{Problem}{section.1}% 2
\BOOKMARK [2][-]{subsection.1.2}{Solution}{section.1}% 3
\BOOKMARK [1][-]{section.2}{Problem 2: K\046K 9.5}{}% 4
\BOOKMARK [2][-]{subsection.2.1}{Problem}{section.2}% 5
\BOOKMARK [2][-]{subsection.2.2}{Solution}{section.2}% 6
\BOOKMARK [1][-]{section.3}{Problem 3: K\046K 9.7}{}% 7
\BOOKMARK [2][-]{subsection.3.1}{Problem}{section.3}% 8
\BOOKMARK [2][-]{subsection.3.2}{Solution}{section.3}% 9
\BOOKMARK [1][-]{section.4}{Problem 4: K\046K 9.9}{}% 10
\BOOKMARK [2][-]{subsection.4.1}{Problem}{section.4}% 11
\BOOKMARK [2][-]{subsection.4.2}{Solution}{section.4}% 12
\BOOKMARK [1][-]{section.5}{Problem 5: K\046K 9.10}{}% 13
\BOOKMARK [2][-]{subsection.5.1}{Problem}{section.5}% 14
\BOOKMARK [2][-]{subsection.5.2}{Solution}{section.5}% 15
\BOOKMARK [1][-]{section.6}{Problem 6: K\046K 9.12}{}% 16
\BOOKMARK [2][-]{subsection.6.1}{Problem}{section.6}% 17
\BOOKMARK [2][-]{subsection.6.2}{Solution}{section.6}% 18
\BOOKMARK [1][-]{section.7}{Problem 7: The Motion of SO-2 around the Black Hole at the Galactic Center}{}% 19
\BOOKMARK [2][-]{subsection.7.1}{Problem}{section.7}% 20
\BOOKMARK [2][-]{subsection.7.2}{Background}{section.7}% 21
\BOOKMARK [2][-]{subsection.7.3}{Questions:}{section.7}% 22
\BOOKMARK [2][-]{subsection.7.4}{Solution}{section.7}% 23
